<?xml version="1.0" encoding="UTF-8"?>
<!-- Generated by org.testng.reporters.JUnitReportReporter -->
<testsuite skipped="0" hostname="DESKTOP-OFF3RJN" name="org.testng.ConOfTestNg" tests="5" failures="0" timestamp="14 Sep 2021 16:42:33 GMT" time="0.000" errors="0">
  <testcase name="tc5" time="0.000" classname="org.testng.ConOfTestNg"/>
  <testcase name="tc1" time="0.000" classname="org.testng.ConOfTestNg"/>
  <testcase name="tc2" time="0.000" classname="org.testng.ConOfTestNg"/>
  <testcase name="tc3" time="0.000" classname="org.testng.ConOfTestNg"/>
  <testcase name="tc4" time="0.000" classname="org.testng.ConOfTestNg"/>
</testsuite> <!-- org.testng.ConOfTestNg -->
